INFO:

----------------------------------------------------------------------
INFO:Analysing example_programs/simple_program.p4
INFO:Loading simple_program-FrontEnd_0_P4V1::getV1ModelVersion ASTs...
INFO:Loading p pipe...
INFO:Loading ig pipe...
INFO:Loading simple_program-FrontEnd_11_TypeInference ASTs...
INFO:Loading p pipe...
INFO:Loading ig pipe...
INFO:Loading simple_program-FrontEnd_13_BindTypeVariables ASTs...
INFO:Loading p pipe...
INFO:Loading ig pipe...
INFO:Loading simple_program-FrontEnd_21_PassRepeated ASTs...
INFO:Loading p pipe...
INFO:Loading ig pipe...
INFO:Loading simple_program-FrontEnd_25_RemoveAllUnusedDeclarations ASTs...
INFO:Loading p pipe...
INFO:Loading ig pipe...
INFO:Loading simple_program-FrontEnd_26_SimplifyParsers ASTs...
INFO:Loading p pipe...
INFO:Loading ig pipe...
INFO:Loading simple_program-FrontEnd_34_SimplifyDefUse ASTs...
INFO:Loading p pipe...
INFO:Loading ig pipe...
INFO:Loading simple_program-FrontEnd_36_SimplifyControlFlow ASTs...
INFO:Loading p pipe...
INFO:Loading ig pipe...
INFO:Loading simple_program-MidEnd_10_HandleNoMatch ASTs...
INFO:Loading p pipe...
INFO:Loading ig pipe...
INFO:Loading simple_program-MidEnd_11_SimplifyParsers ASTs...
INFO:Loading p pipe...
INFO:Loading ig pipe...
INFO:Loading simple_program-MidEnd_34_SynthesizeActions ASTs...
INFO:Loading p pipe...
INFO:Loading ig pipe...
INFO:Loading simple_program-MidEnd_35_MoveActionsToTables ASTs...
INFO:Loading p pipe...
INFO:Loading ig pipe...
INFO:
Comparing programs
simple_program-FrontEnd_0_P4V1::getV1ModelVersion
simple_program-FrontEnd_11_TypeInference
########
INFO:Checking z3 equivalence for pipe p...
INFO:Checking z3 equivalence for pipe ig...
INFO:
Comparing programs
simple_program-FrontEnd_11_TypeInference
simple_program-FrontEnd_13_BindTypeVariables
########
INFO:Checking z3 equivalence for pipe p...
INFO:Checking z3 equivalence for pipe ig...
INFO:
Comparing programs
simple_program-FrontEnd_13_BindTypeVariables
simple_program-FrontEnd_21_PassRepeated
########
INFO:Checking z3 equivalence for pipe p...
INFO:Checking z3 equivalence for pipe ig...
INFO:
Comparing programs
simple_program-FrontEnd_21_PassRepeated
simple_program-FrontEnd_25_RemoveAllUnusedDeclarations
########
INFO:Checking z3 equivalence for pipe p...
INFO:Checking z3 equivalence for pipe ig...
INFO:
Comparing programs
simple_program-FrontEnd_25_RemoveAllUnusedDeclarations
simple_program-FrontEnd_26_SimplifyParsers
########
INFO:Checking z3 equivalence for pipe p...
INFO:Checking z3 equivalence for pipe ig...
INFO:
Comparing programs
simple_program-FrontEnd_26_SimplifyParsers
simple_program-FrontEnd_34_SimplifyDefUse
########
INFO:Checking z3 equivalence for pipe p...
INFO:Checking z3 equivalence for pipe ig...
INFO:
Comparing programs
simple_program-FrontEnd_34_SimplifyDefUse
simple_program-FrontEnd_36_SimplifyControlFlow
########
INFO:Checking z3 equivalence for pipe p...
INFO:Checking z3 equivalence for pipe ig...
INFO:
Comparing programs
simple_program-FrontEnd_36_SimplifyControlFlow
simple_program-MidEnd_10_HandleNoMatch
########
INFO:Checking z3 equivalence for pipe p...
INFO:Checking z3 equivalence for pipe ig...
INFO:
Comparing programs
simple_program-MidEnd_10_HandleNoMatch
simple_program-MidEnd_11_SimplifyParsers
########
INFO:Checking z3 equivalence for pipe p...
INFO:Checking z3 equivalence for pipe ig...
INFO:
Comparing programs
simple_program-MidEnd_11_SimplifyParsers
simple_program-MidEnd_34_SynthesizeActions
########
INFO:Checking z3 equivalence for pipe p...
INFO:Checking z3 equivalence for pipe ig...
INFO:
Comparing programs
simple_program-MidEnd_34_SynthesizeActions
simple_program-MidEnd_35_MoveActionsToTables
########
INFO:Checking z3 equivalence for pipe p...
INFO:Checking z3 equivalence for pipe ig...
INFO:Passed all checks!
INFO:Translation validation took 00 hours 00 minutes 00 seconds 333.109 milliseconds.
